\BOOKMARK [0][-]{chapter*.2}{Resumen}{}% 1
\BOOKMARK [0][-]{chapter*.3}{Abstract}{}% 2
\BOOKMARK [0][-]{chapter*.4}{\315ndice general}{}% 3
\BOOKMARK [0][-]{chapter*.5}{\315ndice de figuras}{}% 4
\BOOKMARK [0][-]{chapter*.6}{\315ndice de tablas}{}% 5
\BOOKMARK [0][-]{chapter*.7}{\315ndice de listados de c\363digo fuente}{}% 6
\BOOKMARK [0][-]{chapter*.8}{\315ndice de algoritmos}{}% 7
\BOOKMARK [0][-]{chapter*.8}{Lista de acr\363nimos}{}% 8
\BOOKMARK [0][-]{chapter*.8}{Lista de s\355mbolos}{}% 9
\BOOKMARK [0][-]{chapter.9}{1 Introducci\363n}{}% 10
\BOOKMARK [1][-]{section.10}{1.1 Presentaci\363n}{chapter.9}% 11
\BOOKMARK [1][-]{section.11}{1.2 Uso de la plantilla}{chapter.9}% 12
\BOOKMARK [2][-]{subsection.12}{1.2.1 Prerrequisitos}{section.11}% 13
\BOOKMARK [2][-]{subsection.13}{1.2.2 Compilaci\363n}{section.11}% 14
\BOOKMARK [2][-]{subsection.14}{1.2.3 Estructura del documento generado por la plantilla}{section.11}% 15
\BOOKMARK [2][-]{subsection.15}{1.2.4 Definiciones espec\355ficas del tipo de documento}{section.11}% 16
\BOOKMARK [2][-]{subsection.16}{1.2.5 Plantilla de anteproyecto}{section.11}% 17
\BOOKMARK [2][-]{subsection.17}{1.2.6 Plantilla de hoja de control de anteproyecto}{section.11}% 18
\BOOKMARK [2][-]{subsection.18}{1.2.7 Papeleo adicional para la defensa de los TFGs}{section.11}% 19
\BOOKMARK [2][-]{subsection.19}{1.2.8 Generaci\363n del documento con control de cambios \(para revisi\363n\)}{section.11}% 20
\BOOKMARK [2][-]{subsection.20}{1.2.9 Problemas conocidos}{section.11}% 21
\BOOKMARK [1][-]{section.21}{1.3 Ejemplos de elementos de utilidad}{chapter.9}% 22
\BOOKMARK [2][-]{subsection.22}{1.3.1 Uso de comandos definidos}{section.21}% 23
\BOOKMARK [2][-]{subsection.23}{1.3.2 Uso de ``frases c\351lebres''}{section.21}% 24
\BOOKMARK [2][-]{subsection.24}{1.3.3 Inclusi\363n de diagramas}{section.21}% 25
\BOOKMARK [2][-]{subsection.26}{1.3.4 Definici\363n y uso de acr\363nimos \(aqu\355 tambi\351n se pueden poner acr\363nimos como ETTS\)}{section.21}% 26
\BOOKMARK [2][-]{subsection.27}{1.3.5 Definici\363n y uso de s\355mbolos \(aqu\355 tambi\351n se pueden s\355mbolos como xidet\)}{section.21}% 27
\BOOKMARK [1][-]{section.30}{1.4 Motivaci\363n y objetivos}{chapter.9}% 28
\BOOKMARK [1][-]{section.36}{1.5 Organizaci\363n de la memoria}{chapter.9}% 29
\BOOKMARK [0][-]{chapter.37}{2 Estudio te\363rico}{}% 30
\BOOKMARK [1][-]{section.38}{2.1 Introducci\363n}{chapter.37}% 31
\BOOKMARK [1][-]{section.39}{2.2 Estado del Arte}{chapter.37}% 32
\BOOKMARK [1][-]{section.42}{2.3 T\351cnicas utilizadas}{chapter.37}% 33
\BOOKMARK [2][-]{subsection.43}{2.3.1 Subsecci\363n}{section.42}% 34
\BOOKMARK [3][-]{subsubsection.44}{2.3.1.1 Subsubsecci\363n}{subsection.43}% 35
\BOOKMARK [4][-]{paragraph.45}{2.3.1.1.1 Paragraph}{subsubsection.44}% 36
\BOOKMARK [5][-]{section*.46}{Subparagraph}{paragraph.45}% 37
\BOOKMARK [1][-]{section.47}{2.4 Conclusiones}{chapter.37}% 38
\BOOKMARK [0][-]{chapter.48}{3 Desarrollo}{}% 39
\BOOKMARK [1][-]{section.49}{3.1 Introducci\363n}{chapter.48}% 40
\BOOKMARK [1][-]{section.50}{3.2 Desarrollo del sistema de experimentaci\363n}{chapter.48}% 41
\BOOKMARK [1][-]{section.51}{3.3 Planteamiento matem\341tico}{chapter.48}% 42
\BOOKMARK [1][-]{section.53}{3.4 Conclusiones}{chapter.48}% 43
\BOOKMARK [0][-]{chapter.54}{4 Resultados}{}% 44
\BOOKMARK [1][-]{section.55}{4.1 Introducci\363n}{chapter.54}% 45
\BOOKMARK [1][-]{section.56}{4.2 Entorno experimental}{chapter.54}% 46
\BOOKMARK [2][-]{subsection.57}{4.2.1 Bases de datos utilizadas}{section.56}% 47
\BOOKMARK [2][-]{subsection.58}{4.2.2 M\351tricas de calidad}{section.56}% 48
\BOOKMARK [2][-]{subsection.59}{4.2.3 Estrategia y metodolog\355a de experimentaci\363n}{section.56}% 49
\BOOKMARK [1][-]{section.60}{4.3 Resultados experimentales}{chapter.54}% 50
\BOOKMARK [1][-]{section.69}{4.4 Conclusiones}{chapter.54}% 51
\BOOKMARK [0][-]{chapter.70}{5 Conclusiones y l\355neas futuras}{}% 52
\BOOKMARK [1][-]{section.71}{5.1 Conclusiones}{chapter.70}% 53
\BOOKMARK [1][-]{section.72}{5.2 L\355neas futuras}{chapter.70}% 54
\BOOKMARK [0][-]{chapter*.73}{Bibliograf\355a}{}% 55
\BOOKMARK [0][-]{appendix.74}{A Manual de usuario}{}% 56
\BOOKMARK [1][-]{section.75}{A.1 Introducci\363n}{appendix.74}% 57
\BOOKMARK [1][-]{section.76}{A.2 Manual}{appendix.74}% 58
\BOOKMARK [1][-]{section.77}{A.3 Ejemplos de inclusi\363n de fragmentos de c\363digo fuente}{appendix.74}% 59
\BOOKMARK [1][-]{section.163}{A.4 Ejemplos de inclusi\363n de algoritmos}{appendix.74}% 60
\BOOKMARK [0][-]{appendix.172}{B Herramientas y recursos}{}% 61
